f:\exercise\qt\helloworld\testqtreewidgetexercise\tt\tt\x64\debug\moc_mytreewidget.obj
f:\exercise\qt\helloworld\testqtreewidgetexercise\tt\tt\x64\debug\moc_ctreewidget.obj
f:\exercise\qt\helloworld\testqtreewidgetexercise\tt\tt\x64\debug\moc_nodewidgetevent.obj
f:\exercise\qt\helloworld\testqtreewidgetexercise\tt\tt\x64\debug\qrc_tt.obj
f:\exercise\qt\helloworld\testqtreewidgetexercise\tt\tt\x64\debug\moc_testtreewidget.obj
f:\exercise\qt\helloworld\testqtreewidgetexercise\tt\tt\x64\debug\moc_customdraglabel.obj
f:\exercise\qt\helloworld\testqtreewidgetexercise\tt\tt\x64\debug\moc_nodewidget.obj
f:\exercise\qt\helloworld\testqtreewidgetexercise\tt\tt\x64\debug\moc_tt.obj
f:\exercise\qt\helloworld\testqtreewidgetexercise\tt\tt\x64\debug\moc_exercisewidget.obj
f:\exercise\qt\helloworld\testqtreewidgetexercise\tt\tt\x64\debug\moc_acceptwidget.obj
f:\exercise\qt\helloworld\testqtreewidgetexercise\tt\tt\x64\debug\moc_qtclass.obj
f:\exercise\qt\helloworld\testqtreewidgetexercise\tt\tt\x64\debug\moc_dragproxy.obj
f:\exercise\qt\helloworld\testqtreewidgetexercise\tt\tt\x64\debug\acceptwidget.obj
f:\exercise\qt\helloworld\testqtreewidgetexercise\tt\tt\x64\debug\exercisewidget.obj
f:\exercise\qt\helloworld\testqtreewidgetexercise\tt\tt\x64\debug\qtclass.obj
f:\exercise\qt\helloworld\testqtreewidgetexercise\tt\tt\x64\debug\typekindparent.obj
f:\exercise\qt\helloworld\testqtreewidgetexercise\tt\tt\x64\debug\customdraglabel.obj
f:\exercise\qt\helloworld\testqtreewidgetexercise\tt\tt\x64\debug\main.obj
f:\exercise\qt\helloworld\testqtreewidgetexercise\tt\tt\x64\debug\nodewidgetevent.obj
f:\exercise\qt\helloworld\testqtreewidgetexercise\tt\tt\x64\debug\dragproxy.obj
f:\exercise\qt\helloworld\testqtreewidgetexercise\tt\tt\x64\debug\nodewidget.obj
f:\exercise\qt\helloworld\testqtreewidgetexercise\tt\tt\x64\debug\testtreewidget.obj
f:\exercise\qt\helloworld\testqtreewidgetexercise\tt\tt\x64\debug\ctreewidget.obj
f:\exercise\qt\helloworld\testqtreewidgetexercise\tt\tt\x64\debug\mytreewidget.obj
f:\exercise\qt\helloworld\testqtreewidgetexercise\tt\tt\x64\debug\tt.obj
f:\exercise\qt\helloworld\testqtreewidgetexercise\tt\tt\x64\debug\vc141.pdb
f:\exercise\qt\helloworld\testqtreewidgetexercise\tt\x64\debug\tt.ilk
f:\exercise\qt\helloworld\testqtreewidgetexercise\tt\x64\debug\tt.exe
f:\exercise\qt\helloworld\testqtreewidgetexercise\tt\x64\debug\tt.pdb
f:\exercise\qt\helloworld\testqtreewidgetexercise\tt\tt\x64\debug\\moc\moc_tt.cpp
f:\exercise\qt\helloworld\testqtreewidgetexercise\tt\tt\x64\debug\\moc\moc_mytreewidget.cpp
f:\exercise\qt\helloworld\testqtreewidgetexercise\tt\tt\x64\debug\\moc\moc_acceptwidget.cpp
f:\exercise\qt\helloworld\testqtreewidgetexercise\tt\tt\x64\debug\\moc\moc_testtreewidget.cpp
f:\exercise\qt\helloworld\testqtreewidgetexercise\tt\tt\x64\debug\\moc\moc_qtclass.cpp
f:\exercise\qt\helloworld\testqtreewidgetexercise\tt\tt\x64\debug\\moc\moc_ctreewidget.cpp
f:\exercise\qt\helloworld\testqtreewidgetexercise\tt\tt\x64\debug\\moc\moc_exercisewidget.cpp
f:\exercise\qt\helloworld\testqtreewidgetexercise\tt\tt\x64\debug\\moc\moc_customdraglabel.cpp
f:\exercise\qt\helloworld\testqtreewidgetexercise\tt\tt\x64\debug\\moc\moc_dragproxy.cpp
f:\exercise\qt\helloworld\testqtreewidgetexercise\tt\tt\x64\debug\\moc\moc_nodewidget.cpp
f:\exercise\qt\helloworld\testqtreewidgetexercise\tt\tt\x64\debug\\moc\moc_nodewidgetevent.cpp
f:\exercise\qt\helloworld\testqtreewidgetexercise\tt\tt\x64\debug\\rcc\qrc_tt.cpp
f:\exercise\qt\helloworld\testqtreewidgetexercise\tt\tt\x64\debug\uic\ui_exercisewidget.h
f:\exercise\qt\helloworld\testqtreewidgetexercise\tt\tt\x64\debug\uic\ui_tt.h
f:\exercise\qt\helloworld\testqtreewidgetexercise\tt\tt\x64\debug\rcc\qrc_tt.cpp
f:\exercise\qt\helloworld\testqtreewidgetexercise\tt\tt\x64\debug\moc\moc_tt.cpp
f:\exercise\qt\helloworld\testqtreewidgetexercise\tt\tt\x64\debug\moc\moc_mytreewidget.cpp
f:\exercise\qt\helloworld\testqtreewidgetexercise\tt\tt\x64\debug\moc\moc_acceptwidget.cpp
f:\exercise\qt\helloworld\testqtreewidgetexercise\tt\tt\x64\debug\moc\moc_testtreewidget.cpp
f:\exercise\qt\helloworld\testqtreewidgetexercise\tt\tt\x64\debug\moc\moc_qtclass.cpp
f:\exercise\qt\helloworld\testqtreewidgetexercise\tt\tt\x64\debug\moc\moc_ctreewidget.cpp
f:\exercise\qt\helloworld\testqtreewidgetexercise\tt\tt\x64\debug\moc\moc_exercisewidget.cpp
f:\exercise\qt\helloworld\testqtreewidgetexercise\tt\tt\x64\debug\moc\moc_customdraglabel.cpp
f:\exercise\qt\helloworld\testqtreewidgetexercise\tt\tt\x64\debug\moc\moc_dragproxy.cpp
f:\exercise\qt\helloworld\testqtreewidgetexercise\tt\tt\x64\debug\moc\moc_nodewidget.cpp
f:\exercise\qt\helloworld\testqtreewidgetexercise\tt\tt\x64\debug\moc\moc_nodewidgetevent.cpp
f:\exercise\qt\helloworld\testqtreewidgetexercise\tt\tt\x64\debug\\uic\ui_exercisewidget.h
f:\exercise\qt\helloworld\testqtreewidgetexercise\tt\tt\x64\debug\vc141.idb
f:\exercise\qt\helloworld\testqtreewidgetexercise\tt\tt\x64\debug\tt.tlog\cl.12184.write.1.tlog
f:\exercise\qt\helloworld\testqtreewidgetexercise\tt\tt\x64\debug\tt.tlog\cl.command.1.tlog
f:\exercise\qt\helloworld\testqtreewidgetexercise\tt\tt\x64\debug\tt.tlog\cl.read.1.tlog
f:\exercise\qt\helloworld\testqtreewidgetexercise\tt\tt\x64\debug\tt.tlog\link.command.1.tlog
f:\exercise\qt\helloworld\testqtreewidgetexercise\tt\tt\x64\debug\tt.tlog\link.read.1.tlog
f:\exercise\qt\helloworld\testqtreewidgetexercise\tt\tt\x64\debug\tt.tlog\link.write.1.tlog
f:\exercise\qt\helloworld\testqtreewidgetexercise\tt\tt\x64\debug\tt.tlog\moc.read.1u.tlog
f:\exercise\qt\helloworld\testqtreewidgetexercise\tt\tt\x64\debug\tt.tlog\moc.write.1u.tlog
f:\exercise\qt\helloworld\testqtreewidgetexercise\tt\tt\x64\debug\tt.tlog\rcc.read.1u.tlog
f:\exercise\qt\helloworld\testqtreewidgetexercise\tt\tt\x64\debug\tt.tlog\rcc.write.1u.tlog
f:\exercise\qt\helloworld\testqtreewidgetexercise\tt\tt\x64\debug\tt.tlog\tt.write.1u.tlog
f:\exercise\qt\helloworld\testqtreewidgetexercise\tt\tt\x64\debug\tt.tlog\uic.read.1u.tlog
f:\exercise\qt\helloworld\testqtreewidgetexercise\tt\tt\x64\debug\tt.tlog\uic.write.1u.tlog
