f:\exercise\qt\helloworld\tt\tt\x64\release\exercisewidget.obj
f:\exercise\qt\helloworld\tt\tt\x64\release\main.obj
f:\exercise\qt\helloworld\tt\tt\x64\release\customdraglabel.obj
f:\exercise\qt\helloworld\tt\tt\x64\release\tt.obj
f:\exercise\qt\helloworld\tt\tt\x64\release\dragproxy.obj
f:\exercise\qt\helloworld\tt\tt\x64\release\mytreewidget.obj
f:\exercise\qt\helloworld\tt\tt\x64\release\ctreewidget.obj
f:\exercise\qt\helloworld\tt\tt\x64\release\qtclass.obj
f:\exercise\qt\helloworld\tt\tt\x64\release\acceptwidget.obj
f:\exercise\qt\helloworld\tt\tt\x64\release\testtreewidget.obj
f:\exercise\qt\helloworld\tt\tt\x64\release\moc_mytreewidget.obj
f:\exercise\qt\helloworld\tt\tt\x64\release\moc_ctreewidget.obj
f:\exercise\qt\helloworld\tt\tt\x64\release\moc_acceptwidget.obj
f:\exercise\qt\helloworld\tt\tt\x64\release\moc_qtclass.obj
f:\exercise\qt\helloworld\tt\tt\x64\release\moc_dragproxy.obj
f:\exercise\qt\helloworld\tt\tt\x64\release\moc_tt.obj
f:\exercise\qt\helloworld\tt\tt\x64\release\moc_customdraglabel.obj
f:\exercise\qt\helloworld\tt\tt\x64\release\qrc_tt.obj
f:\exercise\qt\helloworld\tt\tt\x64\release\moc_testtreewidget.obj
f:\exercise\qt\helloworld\tt\tt\x64\release\moc_exercisewidget.obj
f:\exercise\qt\helloworld\tt\x64\release\tt.exe
f:\exercise\qt\helloworld\tt\tt\x64\release\\moc\moc_tt.cpp
f:\exercise\qt\helloworld\tt\tt\x64\release\\moc\moc_mytreewidget.cpp
f:\exercise\qt\helloworld\tt\tt\x64\release\\moc\moc_acceptwidget.cpp
f:\exercise\qt\helloworld\tt\tt\x64\release\\moc\moc_testtreewidget.cpp
f:\exercise\qt\helloworld\tt\tt\x64\release\\moc\moc_qtclass.cpp
f:\exercise\qt\helloworld\tt\tt\x64\release\\moc\moc_ctreewidget.cpp
f:\exercise\qt\helloworld\tt\tt\x64\release\\moc\moc_exercisewidget.cpp
f:\exercise\qt\helloworld\tt\tt\x64\release\\moc\moc_customdraglabel.cpp
f:\exercise\qt\helloworld\tt\tt\x64\release\\moc\moc_dragproxy.cpp
f:\exercise\qt\helloworld\tt\tt\x64\release\\rcc\qrc_tt.cpp
f:\exercise\qt\helloworld\tt\tt\x64\release\uic\ui_exercisewidget.h
f:\exercise\qt\helloworld\tt\tt\x64\release\uic\ui_tt.h
f:\exercise\qt\helloworld\tt\tt\x64\release\rcc\qrc_tt.cpp
f:\exercise\qt\helloworld\tt\tt\x64\release\moc\moc_tt.cpp
f:\exercise\qt\helloworld\tt\tt\x64\release\moc\moc_mytreewidget.cpp
f:\exercise\qt\helloworld\tt\tt\x64\release\moc\moc_acceptwidget.cpp
f:\exercise\qt\helloworld\tt\tt\x64\release\moc\moc_testtreewidget.cpp
f:\exercise\qt\helloworld\tt\tt\x64\release\moc\moc_qtclass.cpp
f:\exercise\qt\helloworld\tt\tt\x64\release\moc\moc_ctreewidget.cpp
f:\exercise\qt\helloworld\tt\tt\x64\release\moc\moc_exercisewidget.cpp
f:\exercise\qt\helloworld\tt\tt\x64\release\moc\moc_customdraglabel.cpp
f:\exercise\qt\helloworld\tt\tt\x64\release\moc\moc_dragproxy.cpp
f:\exercise\qt\helloworld\tt\tt\x64\release\\uic\ui_exercisewidget.h
f:\exercise\qt\helloworld\tt\tt\x64\release\\uic\ui_tt.h
f:\exercise\qt\helloworld\tt\tt\x64\release\tt.tlog\cl.command.1.tlog
f:\exercise\qt\helloworld\tt\tt\x64\release\tt.tlog\cl.read.1.tlog
f:\exercise\qt\helloworld\tt\tt\x64\release\tt.tlog\cl.write.1.tlog
f:\exercise\qt\helloworld\tt\tt\x64\release\tt.tlog\link.command.1.tlog
f:\exercise\qt\helloworld\tt\tt\x64\release\tt.tlog\link.read.1.tlog
f:\exercise\qt\helloworld\tt\tt\x64\release\tt.tlog\link.write.1.tlog
f:\exercise\qt\helloworld\tt\tt\x64\release\tt.tlog\moc.read.1u.tlog
f:\exercise\qt\helloworld\tt\tt\x64\release\tt.tlog\moc.write.1u.tlog
f:\exercise\qt\helloworld\tt\tt\x64\release\tt.tlog\rcc.read.1u.tlog
f:\exercise\qt\helloworld\tt\tt\x64\release\tt.tlog\rcc.write.1u.tlog
f:\exercise\qt\helloworld\tt\tt\x64\release\tt.tlog\tt.write.1u.tlog
f:\exercise\qt\helloworld\tt\tt\x64\release\tt.tlog\uic.read.1u.tlog
f:\exercise\qt\helloworld\tt\tt\x64\release\tt.tlog\uic.write.1u.tlog
